-------------------------------------------------------------------------------
Test set: backend.src.test.java.de.frauenhaus.service.BetragInWortenTest
-------------------------------------------------------------------------------
Tests run: 3, Failures: 1, Errors: 0, Skipped: 0, Time elapsed: 0.032 s <<< FAILURE! -- in backend.src.test.java.de.frauenhaus.service.BetragInWortenTest
backend.src.test.java.de.frauenhaus.service.BetragInWortenTest.ganzeBetraege -- Time elapsed: 0.020 s <<< FAILURE!
org.opentest4j.AssertionFailedError: expected: <*eintausendzweihundertvierunddreißig Euro*> but was: <*einstausendzweihundertvierunddreißig Euro*>
	at org.junit.jupiter.api.AssertionFailureBuilder.build(AssertionFailureBuilder.java:151)
	at org.junit.jupiter.api.AssertionFailureBuilder.buildAndThrow(AssertionFailureBuilder.java:132)
	at org.junit.jupiter.api.AssertEquals.failNotEqual(AssertEquals.java:197)
	at org.junit.jupiter.api.AssertEquals.assertEquals(AssertEquals.java:182)
	at org.junit.jupiter.api.AssertEquals.assertEquals(AssertEquals.java:177)
	at org.junit.jupiter.api.Assertions.assertEquals(Assertions.java:1145)
	at backend.src.test.java.de.frauenhaus.service.BetragInWortenTest.ganzeBetraege(BetragInWortenTest.java:17)
	at java.base/java.lang.reflect.Method.invoke(Method.java:565)
	at java.base/java.util.ArrayList.forEach(ArrayList.java:1612)
	at java.base/java.util.ArrayList.forEach(ArrayList.java:1612)

