<?xml version="1.0" encoding="UTF-8"?>
<testsuite name="compucrash.CManagingDatabaseTest" tests="1" skipped="0" failures="1" errors="0" timestamp="2026-06-28T13:28:10.275Z" hostname="MacBook-Pro-von-Nils.local" time="0.019">
  <properties/>
  <testcase name="getMainPanels_usesSchemaCompatiblePanelProjection()" classname="compucrash.CManagingDatabaseTest" time="0.013">
    <failure message="org.opentest4j.AssertionFailedError: expected: &lt;true&gt; but was: &lt;false&gt;" type="org.opentest4j.AssertionFailedError">org.opentest4j.AssertionFailedError: expected: &lt;true&gt; but was: &lt;false&gt;
	at org.junit.jupiter.api.AssertionFailureBuilder.build(AssertionFailureBuilder.java:151)
	at org.junit.jupiter.api.AssertionFailureBuilder.buildAndThrow(AssertionFailureBuilder.java:132)
	at org.junit.jupiter.api.AssertTrue.failNotTrue(AssertTrue.java:63)
	at org.junit.jupiter.api.AssertTrue.assertTrue(AssertTrue.java:36)
	at org.junit.jupiter.api.AssertTrue.assertTrue(AssertTrue.java:31)
	at org.junit.jupiter.api.Assertions.assertTrue(Assertions.java:183)
	at compucrash.CManagingDatabaseTest.getMainPanels_usesSchemaCompatiblePanelProjection(CManagingDatabaseTest.java:47)
	at java.base/java.lang.reflect.Method.invoke(Method.java:565)
	at java.base/java.util.ArrayList.forEach(ArrayList.java:1604)
	at java.base/java.util.ArrayList.forEach(ArrayList.java:1604)
</failure>
  </testcase>
  <system-out><![CDATA[]]></system-out>
  <system-err><![CDATA[]]></system-err>
</testsuite>
